<?xml version="1.0" encoding="UTF-8"?>
<testng-results skipped="0" failed="0" total="5" passed="5">
  <reporter-output>
  </reporter-output>
  <suite name="Suite" duration-ms="71977" started-at="2020-06-02T19:55:25Z" finished-at="2020-06-02T19:56:37Z">
    <groups>
    </groups>
    <test name="Test" duration-ms="71977" started-at="2020-06-02T19:55:25Z" finished-at="2020-06-02T19:56:37Z">
      <class name="PackOne.Classone">
        <test-method status="PASS" signature="methodoneA()[pri:0, instance:PackOne.Classone@c64813]" name="methodoneA" duration-ms="10274" started-at="2020-06-02T15:55:25Z" finished-at="2020-06-02T15:55:35Z">
          <reporter-output>
          </reporter-output>
        </test-method> <!-- methodoneA -->
      </class> <!-- PackOne.Classone -->
      <class name="PackOne.ClassThree">
        <test-method status="PASS" signature="methodThreeA()[pri:0, instance:PackOne.ClassThree@1f03bb1]" name="methodThreeA" duration-ms="23656" started-at="2020-06-02T15:55:50Z" finished-at="2020-06-02T15:56:14Z">
          <reporter-output>
          </reporter-output>
        </test-method> <!-- methodThreeA -->
      </class> <!-- PackOne.ClassThree -->
      <class name="PackOne.ClassTwo">
        <test-method status="PASS" signature="methodTwoA()[pri:0, instance:PackOne.ClassTwo@1a06946]" name="methodTwoA" duration-ms="15237" started-at="2020-06-02T15:55:35Z" finished-at="2020-06-02T15:55:50Z">
          <reporter-output>
          </reporter-output>
        </test-method> <!-- methodTwoA -->
        <test-method status="PASS" signature="methodTwoB()[pri:0, instance:PackOne.ClassTwo@1a06946]" name="methodTwoB" duration-ms="0" started-at="2020-06-02T15:55:50Z" finished-at="2020-06-02T15:55:50Z">
          <reporter-output>
          </reporter-output>
        </test-method> <!-- methodTwoB -->
      </class> <!-- PackOne.ClassTwo -->
      <class name="PackOne.ClassFour">
        <test-method status="PASS" signature="methodFourA()[pri:0, instance:PackOne.ClassFour@6de728]" name="methodFourA" duration-ms="22793" started-at="2020-06-02T15:56:14Z" finished-at="2020-06-02T15:56:37Z">
          <reporter-output>
          </reporter-output>
        </test-method> <!-- methodFourA -->
      </class> <!-- PackOne.ClassFour -->
    </test> <!-- Test -->
  </suite> <!-- Suite -->
</testng-results>
