<?xml version="1.0" encoding="UTF-8"?>
<!-- Generated by org.testng.reporters.JUnitXMLReporter -->
<testsuite hostname="DESKTOP-B2QL6U8" ignored="0" name="Test" tests="5" failures="0" timestamp="21 May 2020 13:33:08 GMT" time="43.465" errors="0">
  <testcase name="methodoneA" time="9.788" classname="PackOne.Classone"/>
  <testcase name="methodTwoA" time="10.052" classname="PackOne.ClassTwo"/>
  <testcase name="methodTwoB" time="0.001" classname="PackOne.ClassTwo"/>
  <testcase name="methodThreeA" time="9.892" classname="PackOne.ClassThree"/>
  <testcase name="methodFourA" time="13.7" classname="PackOne.ClassFour"/>
</testsuite> <!-- Test -->
