<?xml version="1.0" encoding="UTF-8"?>
<testng-results skipped="0" failed="0" ignored="0" total="5" passed="5">
  <reporter-output>
  </reporter-output>
  <suite name="Suite" duration-ms="43465" started-at="2020-05-21T13:32:24Z" finished-at="2020-05-21T13:33:08Z">
    <groups>
    </groups>
    <test name="Test" duration-ms="43465" started-at="2020-05-21T13:32:24Z" finished-at="2020-05-21T13:33:08Z">
      <class name="PackOne.Classone">
        <test-method status="PASS" signature="methodoneA()[pri:0, instance:PackOne.Classone@feb3fa]" name="methodoneA" duration-ms="9788" started-at="2020-05-21T09:32:24Z" finished-at="2020-05-21T09:32:34Z">
          <reporter-output>
          </reporter-output>
        </test-method> <!-- methodoneA -->
      </class> <!-- PackOne.Classone -->
      <class name="PackOne.ClassThree">
        <test-method status="PASS" signature="methodThreeA()[pri:0, instance:PackOne.ClassThree@193948d]" name="methodThreeA" duration-ms="9892" started-at="2020-05-21T09:32:44Z" finished-at="2020-05-21T09:32:54Z">
          <reporter-output>
          </reporter-output>
        </test-method> <!-- methodThreeA -->
      </class> <!-- PackOne.ClassThree -->
      <class name="PackOne.ClassTwo">
        <test-method status="PASS" signature="methodTwoA()[pri:0, instance:PackOne.ClassTwo@2f8f11]" name="methodTwoA" duration-ms="10052" started-at="2020-05-21T09:32:34Z" finished-at="2020-05-21T09:32:44Z">
          <reporter-output>
          </reporter-output>
        </test-method> <!-- methodTwoA -->
        <test-method status="PASS" signature="methodTwoB()[pri:0, instance:PackOne.ClassTwo@2f8f11]" name="methodTwoB" duration-ms="1" started-at="2020-05-21T09:32:44Z" finished-at="2020-05-21T09:32:44Z">
          <reporter-output>
          </reporter-output>
        </test-method> <!-- methodTwoB -->
      </class> <!-- PackOne.ClassTwo -->
      <class name="PackOne.ClassFour">
        <test-method status="PASS" signature="methodFourA()[pri:0, instance:PackOne.ClassFour@1604f19]" name="methodFourA" duration-ms="13700" started-at="2020-05-21T09:32:54Z" finished-at="2020-05-21T09:33:08Z">
          <reporter-output>
          </reporter-output>
        </test-method> <!-- methodFourA -->
      </class> <!-- PackOne.ClassFour -->
    </test> <!-- Test -->
  </suite> <!-- Suite -->
</testng-results>
